C:\USERS\SPENCER\DOCUMENTS\VISUAL STUDIO 2013\PROJECTS\FLASHDRIVE INSTALLER\FLASHDRIVE INSTALLER\RELEASE\FLASHDRIVE INSTALLER.PCH
C:\USERS\SPENCER\DOCUMENTS\VISUAL STUDIO 2013\PROJECTS\FLASHDRIVE INSTALLER\FLASHDRIVE INSTALLER\RELEASE\VC120.PDB
C:\USERS\SPENCER\DOCUMENTS\VISUAL STUDIO 2013\PROJECTS\FLASHDRIVE INSTALLER\FLASHDRIVE INSTALLER\RELEASE\STDAFX.OBJ
C:\USERS\SPENCER\DOCUMENTS\VISUAL STUDIO 2013\PROJECTS\FLASHDRIVE INSTALLER\FLASHDRIVE INSTALLER\RELEASE\FLASHDRIVE INSTALLER.OBJ
C:\USERS\SPENCER\DOCUMENTS\VISUAL STUDIO 2013\PROJECTS\FLASHDRIVE INSTALLER\FLASHDRIVE INSTALLER\RELEASE\ASSEMBLYINFO.OBJ
C:\USERS\SPENCER\DOCUMENTS\VISUAL STUDIO 2013\PROJECTS\FLASHDRIVE INSTALLER\FLASHDRIVE INSTALLER\RELEASE\.NETFRAMEWORK,VERSION=V4.5.ASSEMBLYATTRIBUTES.OBJ
C:\Users\Spencer\Documents\Visual Studio 2013\Projects\FlashDrive Installer\FlashDrive Installer\Release\FlashDriveInstaller.Form1.resources
C:\USERS\SPENCER\DOCUMENTS\VISUAL STUDIO 2013\PROJECTS\FLASHDRIVE INSTALLER\RELEASE\FLASHDRIVE INSTALLER.EXE
C:\USERS\SPENCER\DOCUMENTS\VISUAL STUDIO 2013\PROJECTS\FLASHDRIVE INSTALLER\RELEASE\FLASHDRIVE INSTALLER.PDB
C:\USERS\SPENCER\DOCUMENTS\VISUAL STUDIO 2013\PROJECTS\FLASHDRIVE INSTALLER\FLASHDRIVE INSTALLER\RELEASE\APP.RES
C:\Users\Spencer\Documents\Visual Studio 2013\Projects\FlashDrive Installer\FlashDrive Installer\Release\FlashDrive Installer.vcxproj.GenerateResource.Cache
C:\Users\Spencer\Documents\Visual Studio 2013\Projects\FlashDrive Installer\FlashDrive Installer\Release\FlashDrive Installer.vcxprojResolveAssemblyReference.cache
C:\Users\Spencer\Documents\Visual Studio 2013\Projects\FlashDrive Installer\FlashDrive Installer\Release\.NETFramework,Version=v4.5.AssemblyAttributes.obj
C:\Users\Spencer\Documents\Visual Studio 2013\Projects\FlashDrive Installer\FlashDrive Installer\Release\AssemblyInfo.obj
C:\Users\Spencer\Documents\Visual Studio 2013\Projects\FlashDrive Installer\FlashDrive Installer\Release\FlashDrive Installer.obj
C:\Users\Spencer\Documents\Visual Studio 2013\Projects\FlashDrive Installer\FlashDrive Installer\Release\stdafx.obj
C:\Users\Spencer\Documents\Visual Studio 2013\Projects\FlashDrive Installer\FlashDrive Installer\Release\app.res
C:\Users\Spencer\Documents\Visual Studio 2013\Projects\FlashDrive Installer\FlashDrive Installer\Release\FlashDrive Installer.pch
C:\Users\Spencer\Documents\Visual Studio 2013\Projects\FlashDrive Installer\FlashDrive Installer\Release\vc120.pdb
C:\Users\Spencer\Documents\Visual Studio 2013\Projects\FlashDrive Installer\Release\FlashDrive Installer.pdb
C:\Users\Spencer\Documents\Visual Studio 2013\Projects\FlashDrive Installer\Release\FlashDrive Installer.exe
C:\Users\Spencer\Documents\Visual Studio 2013\Projects\FlashDrive Installer\FlashDrive Installer\Release\FlashDri.D59BAFBE.tlog\cl.command.1.tlog
C:\Users\Spencer\Documents\Visual Studio 2013\Projects\FlashDrive Installer\FlashDrive Installer\Release\FlashDri.D59BAFBE.tlog\CL.read.1.tlog
C:\Users\Spencer\Documents\Visual Studio 2013\Projects\FlashDrive Installer\FlashDrive Installer\Release\FlashDri.D59BAFBE.tlog\CL.write.1.tlog
C:\Users\Spencer\Documents\Visual Studio 2013\Projects\FlashDrive Installer\FlashDrive Installer\Release\FlashDri.D59BAFBE.tlog\FlashDrive Installer.write.1u.tlog
C:\Users\Spencer\Documents\Visual Studio 2013\Projects\FlashDrive Installer\FlashDrive Installer\Release\FlashDri.D59BAFBE.tlog\link.command.1.tlog
C:\Users\Spencer\Documents\Visual Studio 2013\Projects\FlashDrive Installer\FlashDrive Installer\Release\FlashDri.D59BAFBE.tlog\link.read.1.tlog
C:\Users\Spencer\Documents\Visual Studio 2013\Projects\FlashDrive Installer\FlashDrive Installer\Release\FlashDri.D59BAFBE.tlog\link.write.1.tlog
C:\Users\Spencer\Documents\Visual Studio 2013\Projects\FlashDrive Installer\FlashDrive Installer\Release\FlashDri.D59BAFBE.tlog\metagen.read.1.tlog
C:\Users\Spencer\Documents\Visual Studio 2013\Projects\FlashDrive Installer\FlashDrive Installer\Release\FlashDri.D59BAFBE.tlog\metagen.write.1.tlog
C:\Users\Spencer\Documents\Visual Studio 2013\Projects\FlashDrive Installer\FlashDrive Installer\Release\FlashDri.D59BAFBE.tlog\rc.command.1.tlog
C:\Users\Spencer\Documents\Visual Studio 2013\Projects\FlashDrive Installer\FlashDrive Installer\Release\FlashDri.D59BAFBE.tlog\rc.read.1.tlog
C:\Users\Spencer\Documents\Visual Studio 2013\Projects\FlashDrive Installer\FlashDrive Installer\Release\FlashDri.D59BAFBE.tlog\rc.write.1.tlog
C:\Users\Spencer\Documents\Visual Studio 2013\Projects\FlashDrive Installer\FlashDrive Installer\Release\FlashDri.D59BAFBE.tlog\TZRES.DLL.bi
